<?xml version="1.0" encoding="UTF-8"?>
<!-- Generated by org.testng.reporters.JUnitXMLReporter -->
<testsuite hostname="LAPTOP-A2JN8V8G" ignored="1" name="Test" tests="1" failures="0" timestamp="23 Aug 2021 10:56:21 GMT" time="17.278" errors="0">
  <testcase name="SearchInSubject" time="5.921" classname="com.Testcases.TC_43"/>
  <testcase name="SearchinSalesOrderNo" time="0.0" classname="com.Testcases.TC_42">
    <ignored/>
  </testcase> <!-- SearchinSalesOrderNo -->
</testsuite> <!-- Test -->
