<?xml version="1.0" encoding="UTF-8"?>
<testng-results skipped="0" failed="0" ignored="0" total="1" passed="1">
  <reporter-output>
  </reporter-output>
  <suite name="Default suite" duration-ms="21502" started-at="2021-08-23T11:05:13Z" finished-at="2021-08-23T11:05:34Z">
    <groups>
      <group name="smoke test">
        <method signature="TC_43.SearchInSubject()[pri:0, instance:com.Testcases.TC_43@39c0f4a]" name="SearchInSubject" class="com.Testcases.TC_43"/>
      </group> <!-- smoke test -->
      <group name="regression test">
        <method signature="TC_43.SearchInSubject()[pri:0, instance:com.Testcases.TC_43@39c0f4a]" name="SearchInSubject" class="com.Testcases.TC_43"/>
      </group> <!-- regression test -->
    </groups>
    <test name="Default test" duration-ms="21502" started-at="2021-08-23T11:05:13Z" finished-at="2021-08-23T11:05:34Z">
      <class name="com.Testcases.TC_43">
        <test-method status="PASS" signature="LaunchBrowser()[pri:0, instance:com.Testcases.TC_43@39c0f4a]" name="LaunchBrowser" is-config="true" duration-ms="6052" started-at="2021-08-23T11:05:13Z" finished-at="2021-08-23T11:05:19Z">
          <reporter-output>
          </reporter-output>
        </test-method> <!-- LaunchBrowser -->
        <test-method status="PASS" signature="Login()[pri:0, instance:com.Testcases.TC_43@39c0f4a]" name="Login" is-config="true" duration-ms="5380" started-at="2021-08-23T11:05:19Z" finished-at="2021-08-23T11:05:24Z">
          <reporter-output>
          </reporter-output>
        </test-method> <!-- Login -->
        <test-method status="PASS" signature="SearchInSubject()[pri:0, instance:com.Testcases.TC_43@39c0f4a]" name="SearchInSubject" duration-ms="6434" started-at="2021-08-23T11:05:24Z" finished-at="2021-08-23T11:05:30Z">
          <reporter-output>
          </reporter-output>
        </test-method> <!-- SearchInSubject -->
        <test-method status="PASS" signature="Logout()[pri:0, instance:com.Testcases.TC_43@39c0f4a]" name="Logout" is-config="true" duration-ms="2061" started-at="2021-08-23T11:05:30Z" finished-at="2021-08-23T11:05:32Z">
          <reporter-output>
          </reporter-output>
        </test-method> <!-- Logout -->
        <test-method status="PASS" signature="CloseBrowser()[pri:0, instance:com.Testcases.TC_43@39c0f4a]" name="CloseBrowser" is-config="true" duration-ms="1544" started-at="2021-08-23T11:05:32Z" finished-at="2021-08-23T11:05:34Z">
          <reporter-output>
          </reporter-output>
        </test-method> <!-- CloseBrowser -->
      </class> <!-- com.Testcases.TC_43 -->
    </test> <!-- Default test -->
  </suite> <!-- Default suite -->
</testng-results>
